[23:45 IST] ✅ Completed job: clock-tick
[23:46 IST] ✅ Completed job: clock-tick
[23:47 IST] ✅ Completed job: clock-tick
[23:48 IST] ✅ Completed job: clock-tick
[23:49 IST] ✅ Completed job: clock-tick
[23:50 IST] ✅ Completed job: clock-tick
[23:51 IST] ✅ Completed job: clock-tick
[23:52 IST] ✅ Completed job: clock-tick
[23:53 IST] ✅ Completed job: clock-tick
[23:54 IST] ✅ Completed job: clock-tick
[23:55 IST] ✅ SUCCESS: clock-tick
[23:56 IST] ✅ SUCCESS: clock-tick
[23:57 IST] ✅ SUCCESS: clock-tick
[23:58 IST] ✅ SUCCESS: clock-tick
[23:59 IST] ✅ SUCCESS: clock-tick
[00:01 IST] ✅ SUCCESS: clock-tick
[00:01 IST] ✅ SUCCESS: git-auto-commit
[00:02 IST] ✅ SUCCESS: clock-tick
[00:03 IST] ✅ SUCCESS: clock-tick
[00:04 IST] ✅ SUCCESS: clock-tick
[00:05 IST] ✅ SUCCESS: clock-tick
[00:07 IST] ✅ SUCCESS: clock-tick
[00:08 IST] ✅ SUCCESS: clock-tick
[00:09 IST] ✅ SUCCESS: clock-tick
[00:10 IST] ✅ SUCCESS: clock-tick
[00:11 IST] ✅ SUCCESS: clock-tick
[00:13 IST] ✅ SUCCESS: clock-tick
[00:14 IST] ✅ SUCCESS: clock-tick
[00:15 IST] ✅ SUCCESS: clock-tick
[00:16 IST] ✅ SUCCESS: clock-tick | clock tick processed
[00:17 IST] ✅ SUCCESS: clock-tick | clock tick processed
[00:18 IST] ✅ SUCCESS: clock-tick | clock tick processed
[00:20 IST] ✅ SUCCESS: clock-tick | clock tick processed
[00:21 IST] ✅ SUCCESS: clock-tick | clock tick processed
[00:22 IST] ✅ SUCCESS: clock-tick | clock tick processed
[00:23 IST] ✅ SUCCESS: clock-tick | clock tick processed
[00:24 IST] ✅ SUCCESS: clock-tick | clock tick processed
[00:25 IST] ❌ FAILED: hourly-memory-summary | error: unknown option '--target'
(Did you mean one of --agent, --stagger?)
[00:25 IST] ✅ SUCCESS: clock-tick | clock tick processed
[00:26 IST] ✅ SUCCESS: hourly-memory-summary | trigger sent
[00:27 IST] ✅ SUCCESS: clock-tick | clock tick processed
[00:26 IST] ❌ NOTIFY_FAILED: hourly-memory-summary | TimeoutExpired: Command '['openclaw', 'message', 'send', '--channel', 'telegram', '--to', '-1003951451198', '--message', '[00:26 IST] ✅ SUCCESS: hourly-memory-summary | trigger sent']' timed out after 10 seconds
[00:27 IST] ❌ NOTIFY_FAILED: clock-tick | TimeoutExpired: Command '['openclaw', 'message', 'send', '--channel', 'telegram', '--to', '-1003951451198', '--message', '[00:27 IST] ✅ SUCCESS: clock-tick | clock tick processed']' timed out after 10 seconds
[00:28 IST] ✅ SUCCESS: clock-tick | clock tick processed
[00:28 IST] ❌ NOTIFY_FAILED: clock-tick | TimeoutExpired: Command '['openclaw', 'message', 'send', '--channel', 'telegram', '--to', '-1003951451198', '--message', '[00:28 IST] ✅ SUCCESS: clock-tick | clock tick processed']' timed out after 10 seconds
[00:29 IST] ✅ SUCCESS: clock-tick | clock tick processed
[00:29 IST] ❌ NOTIFY_FAILED: clock-tick | TimeoutExpired: Command '['openclaw', 'message', 'send', '--channel', 'telegram', '--to', '-1003951451198', '--message', '[00:29 IST] ✅ SUCCESS: clock-tick | clock tick processed']' timed out after 10 seconds
[00:30 IST] ✅ SUCCESS: clock-tick | clock tick processed
[00:30 IST] ❌ NOTIFY_FAILED: clock-tick | TimeoutExpired: Command '['openclaw', 'message', 'send', '--channel', 'telegram', '--to', '-1003951451198', '--message', '[00:30 IST] ✅ SUCCESS: clock-tick | clock tick processed']' timed out after 10 seconds
[00:31 IST] ✅ SUCCESS: clock-tick | clock tick processed
[00:31 IST] ❌ NOTIFY_FAILED: clock-tick | TimeoutExpired: Command '['openclaw', 'message', 'send', '--channel', 'telegram', '--to', '-1003951451198', '--message', '[00:31 IST] ✅ SUCCESS: clock-tick | clock tick processed']' timed out after 10 seconds
[00:32 IST] ✅ SUCCESS: clock-tick | clock tick processed
[00:32 IST] ❌ NOTIFY_FAILED: clock-tick | TimeoutExpired: Command '['openclaw', 'message', 'send', '--channel', 'telegram', '--to', '-1003951451198', '--message', '[00:32 IST] ✅ SUCCESS: clock-tick | clock tick processed']' timed out after 10 seconds
[00:34 IST] ✅ SUCCESS: clock-tick | clock tick processed
[00:34 IST] ❌ NOTIFY_FAILED: clock-tick | TimeoutExpired: Command '['openclaw', 'message', 'send', '--channel', 'telegram', '--to', '-1003951451198', '--message', '[00:34 IST] ✅ SUCCESS: clock-tick | clock tick processed']' timed out after 10 seconds
[00:35 IST] ✅ SUCCESS: clock-tick | clock tick processed
[00:35 IST] ❌ NOTIFY_FAILED: clock-tick | TimeoutExpired: Command '['openclaw', 'message', 'send', '--channel', 'telegram', '--to', '-1003951451198', '--message', '[00:35 IST] ✅ SUCCESS: clock-tick | clock tick processed']' timed out after 10 seconds
[00:36 IST] ✅ SUCCESS: clock-tick | clock tick processed
[00:36 IST] ❌ NOTIFY_FAILED: clock-tick | TimeoutExpired: Command '['openclaw', 'message', 'send', '--channel', 'telegram', '--to', '-1003951451198', '--message', '[00:36 IST] ✅ SUCCESS: clock-tick | clock tick processed']' timed out after 10 seconds
[00:37 IST] ✅ SUCCESS: clock-tick | clock tick processed
[00:37 IST] ❌ NOTIFY_FAILED: clock-tick | TimeoutExpired: Command '['openclaw', 'message', 'send', '--channel', 'telegram', '--to', '-1003951451198', '--message', '[00:37 IST] ✅ SUCCESS: clock-tick | clock tick processed']' timed out after 10 seconds
[00:38 IST] ✅ SUCCESS: clock-tick | clock tick processed
[00:38 IST] ❌ NOTIFY_FAILED: clock-tick | TimeoutExpired: Command '['openclaw', 'message', 'send', '--channel', 'telegram', '--to', '-1003951451198', '--message', '[00:38 IST] ✅ SUCCESS: clock-tick | clock tick processed']' timed out after 10 seconds
[00:39 IST] ✅ SUCCESS: clock-tick | clock tick processed
[00:39 IST] ❌ NOTIFY_FAILED: clock-tick | TimeoutExpired: Command '['openclaw', 'message', 'send', '--channel', 'telegram', '--to', '-1003951451198', '--message', '[00:39 IST] ✅ SUCCESS: clock-tick | clock tick processed']' timed out after 10 seconds
[00:41 IST] ✅ SUCCESS: clock-tick | clock tick processed
[00:41 IST] ❌ NOTIFY_FAILED: clock-tick | TimeoutExpired: Command '['openclaw', 'message', 'send', '--channel', 'telegram', '--to', '-1003951451198', '--message', '[00:41 IST] ✅ SUCCESS: clock-tick | clock tick processed']' timed out after 10 seconds
[00:42 IST] ✅ SUCCESS: clock-tick | clock tick processed
[00:42 IST] ❌ NOTIFY_FAILED: clock-tick | TimeoutExpired: Command '['openclaw', 'message', 'send', '--channel', 'telegram', '--to', '-1003951451198', '--message', '[00:42 IST] ✅ SUCCESS: clock-tick | clock tick processed']' timed out after 10 seconds
[00:43 IST] ✅ SUCCESS: clock-tick | clock tick processed
[00:43 IST] ❌ NOTIFY_FAILED: clock-tick | TimeoutExpired: Command '['openclaw', 'message', 'send', '--channel', 'telegram', '--to', '-1003951451198', '--message', '[00:43 IST] ✅ SUCCESS: clock-tick | clock tick processed']' timed out after 10 seconds
[00:44 IST] ✅ SUCCESS: clock-tick | clock tick processed
[00:44 IST] ❌ NOTIFY_FAILED: clock-tick | TimeoutExpired: Command '['openclaw', 'message', 'send', '--channel', 'telegram', '--to', '-1003951451198', '--message', '[00:44 IST] ✅ SUCCESS: clock-tick | clock tick processed']' timed out after 10 seconds
[00:45 IST] ✅ SUCCESS: clock-tick | clock tick processed
[00:45 IST] ❌ NOTIFY_FAILED: clock-tick | TimeoutExpired: Command '['openclaw', 'message', 'send', '--channel', 'telegram', '--to', '-1003951451198', '--message', '[00:45 IST] ✅ SUCCESS: clock-tick | clock tick processed']' timed out after 10 seconds
[00:46 IST] ✅ SUCCESS: clock-tick | clock tick processed
[00:46 IST] ❌ NOTIFY_FAILED: clock-tick | TimeoutExpired: Command '['openclaw', 'message', 'send', '--channel', 'telegram', '--to', '-1003951451198', '--message', '[00:46 IST] ✅ SUCCESS: clock-tick | clock tick processed']' timed out after 10 seconds
[00:48 IST] ✅ SUCCESS: clock-tick | clock tick processed
[00:48 IST] ❌ NOTIFY_FAILED: clock-tick | TimeoutExpired: Command '['openclaw', 'message', 'send', '--channel', 'telegram', '--to', '-1003951451198', '--message', '[00:48 IST] ✅ SUCCESS: clock-tick | clock tick processed']' timed out after 10 seconds
[00:49 IST] ✅ SUCCESS: clock-tick | clock tick processed
[00:49 IST] ❌ NOTIFY_FAILED: clock-tick | TimeoutExpired: Command '['openclaw', 'message', 'send', '--channel', 'telegram', '--to', '-1003951451198', '--message', '[00:49 IST] ✅ SUCCESS: clock-tick | clock tick processed']' timed out after 10 seconds
[00:50 IST] ✅ SUCCESS: clock-tick | clock tick processed
[00:50 IST] ❌ NOTIFY_FAILED: clock-tick | TimeoutExpired: Command '['openclaw', 'message', 'send', '--channel', 'telegram', '--to', '-1003951451198', '--message', '[00:50 IST] ✅ SUCCESS: clock-tick | clock tick processed']' timed out after 10 seconds
[00:51 IST] ✅ SUCCESS: clock-tick | clock tick processed
[00:51 IST] ❌ NOTIFY_FAILED: clock-tick | TimeoutExpired: Command '['openclaw', 'message', 'send', '--channel', 'telegram', '--to', '-1003951451198', '--message', '[00:51 IST] ✅ SUCCESS: clock-tick | clock tick processed']' timed out after 10 seconds
[00:52 IST] ✅ SUCCESS: clock-tick | clock tick processed
[00:52 IST] ❌ NOTIFY_FAILED: clock-tick | TimeoutExpired: Command '['openclaw', 'message', 'send', '--channel', 'telegram', '--to', '-1003951451198', '--message', '[00:52 IST] ✅ SUCCESS: clock-tick | clock tick processed']' timed out after 10 seconds
[00:53 IST] ✅ SUCCESS: clock-tick | clock tick processed
[00:53 IST] ❌ NOTIFY_FAILED: clock-tick | TimeoutExpired: Command '['openclaw', 'message', 'send', '--channel', 'telegram', '--to', '-1003951451198', '--message', '[00:53 IST] ✅ SUCCESS: clock-tick | clock tick processed']' timed out after 10 seconds
[00:55 IST] ✅ SUCCESS: clock-tick | clock tick processed
[00:55 IST] ❌ NOTIFY_FAILED: clock-tick | TimeoutExpired: Command '['openclaw', 'message', 'send', '--channel', 'telegram', '--to', '-1003951451198', '--message', '[00:55 IST] ✅ SUCCESS: clock-tick | clock tick processed']' timed out after 10 seconds
[00:56 IST] ✅ SUCCESS: clock-tick | clock tick processed
[00:56 IST] ❌ NOTIFY_FAILED: clock-tick | TimeoutExpired: Command '['openclaw', 'message', 'send', '--channel', 'telegram', '--to', '-1003951451198', '--message', '[00:56 IST] ✅ SUCCESS: clock-tick | clock tick processed']' timed out after 10 seconds
[00:57 IST] ✅ SUCCESS: clock-tick | clock tick processed
[00:57 IST] ❌ NOTIFY_FAILED: clock-tick | TimeoutExpired: Command '['openclaw', 'message', 'send', '--channel', 'telegram', '--to', '-1003951451198', '--message', '[00:57 IST] ✅ SUCCESS: clock-tick | clock tick processed']' timed out after 10 seconds
[00:58 IST] ✅ SUCCESS: clock-tick | clock tick processed
[00:58 IST] ❌ NOTIFY_FAILED: clock-tick | TimeoutExpired: Command '['openclaw', 'message', 'send', '--channel', 'telegram', '--to', '-1003951451198', '--message', '[00:58 IST] ✅ SUCCESS: clock-tick | clock tick processed']' timed out after 10 seconds
[00:59 IST] ✅ SUCCESS: clock-tick | clock tick processed
[00:59 IST] ❌ NOTIFY_FAILED: clock-tick | TimeoutExpired: Command '['openclaw', 'message', 'send', '--channel', 'telegram', '--to', '-1003951451198', '--message', '[00:59 IST] ✅ SUCCESS: clock-tick | clock tick processed']' timed out after 10 seconds
[01:00 IST] ✅ SUCCESS: clock-tick | clock tick processed
[01:00 IST] ❌ NOTIFY_FAILED: clock-tick | TimeoutExpired: Command '['openclaw', 'message', 'send', '--channel', 'telegram', '--to', '-1003951451198', '--message', '[01:00 IST] ✅ SUCCESS: clock-tick | clock tick processed']' timed out after 10 seconds
[01:01 IST] ✅ SUCCESS: hourly-memory-summary | trigger sent
[01:01 IST] ❌ NOTIFY_FAILED: hourly-memory-summary | TimeoutExpired: Command '['openclaw', 'message', 'send', '--channel', 'telegram', '--to', '-1003951451198', '--message', '[01:01 IST] ✅ SUCCESS: hourly-memory-summary | trigger sent']' timed out after 10 seconds
[01:02 IST] ✅ SUCCESS: clock-tick | clock tick processed
[01:02 IST] ❌ NOTIFY_FAILED: clock-tick | TimeoutExpired: Command '['openclaw', 'message', 'send', '--channel', 'telegram', '--to', '-1003951451198', '--message', '[01:02 IST] ✅ SUCCESS: clock-tick | clock tick processed']' timed out after 10 seconds
[01:03 IST] ✅ SUCCESS: clock-tick | clock tick processed
[01:03 IST] ❌ NOTIFY_FAILED: clock-tick | TimeoutExpired: Command '['openclaw', 'message', 'send', '--channel', 'telegram', '--to', '-1003951451198', '--message', '[01:03 IST] ✅ SUCCESS: clock-tick | clock tick processed']' timed out after 10 seconds
[01:04 IST] ✅ SUCCESS: clock-tick | clock tick processed
[01:04 IST] ❌ NOTIFY_FAILED: clock-tick | TimeoutExpired: Command '['openclaw', 'message', 'send', '--channel', 'telegram', '--to', '-1003951451198', '--message', '[01:04 IST] ✅ SUCCESS: clock-tick | clock tick processed']' timed out after 10 seconds
[01:06 IST] ✅ SUCCESS: clock-tick | clock tick processed
[01:06 IST] ❌ NOTIFY_FAILED: clock-tick | TimeoutExpired: Command '['openclaw', 'message', 'send', '--channel', 'telegram', '--to', '-1003951451198', '--message', '[01:06 IST] ✅ SUCCESS: clock-tick | clock tick processed']' timed out after 10 seconds
[01:07 IST] ✅ SUCCESS: clock-tick | clock tick processed
[01:07 IST] ❌ NOTIFY_FAILED: clock-tick | TimeoutExpired: Command '['openclaw', 'message', 'send', '--channel', 'telegram', '--to', '-1003951451198', '--message', '[01:07 IST] ✅ SUCCESS: clock-tick | clock tick processed']' timed out after 10 seconds
[01:08 IST] ✅ SUCCESS: clock-tick | clock tick processed
[01:08 IST] ❌ NOTIFY_FAILED: clock-tick | TimeoutExpired: Command '['openclaw', 'message', 'send', '--channel', 'telegram', '--to', '-1003951451198', '--message', '[01:08 IST] ✅ SUCCESS: clock-tick | clock tick processed']' timed out after 10 seconds
[01:09 IST] ✅ SUCCESS: clock-tick | clock tick processed
[01:09 IST] ❌ NOTIFY_FAILED: clock-tick | TimeoutExpired: Command '['openclaw', 'message', 'send', '--channel', 'telegram', '--to', '-1003951451198', '--message', '[01:09 IST] ✅ SUCCESS: clock-tick | clock tick processed']' timed out after 10 seconds
[01:10 IST] ✅ SUCCESS: clock-tick | clock tick processed
[01:10 IST] ❌ NOTIFY_FAILED: clock-tick | TimeoutExpired: Command '['openclaw', 'message', 'send', '--channel', 'telegram', '--to', '-1003951451198', '--message', '[01:10 IST] ✅ SUCCESS: clock-tick | clock tick processed']' timed out after 10 seconds
[01:11 IST] ✅ SUCCESS: clock-tick | clock tick processed
[01:11 IST] ❌ NOTIFY_FAILED: clock-tick | TimeoutExpired: Command '['openclaw', 'message', 'send', '--channel', 'telegram', '--to', '-1003951451198', '--message', '[01:11 IST] ✅ SUCCESS: clock-tick | clock tick processed']' timed out after 10 seconds
[01:13 IST] ✅ SUCCESS: clock-tick | clock tick processed
[01:13 IST] ❌ NOTIFY_FAILED: clock-tick | TimeoutExpired: Command '['openclaw', 'message', 'send', '--channel', 'telegram', '--to', '-1003951451198', '--message', '[01:13 IST] ✅ SUCCESS: clock-tick | clock tick processed']' timed out after 10 seconds
[01:14 IST] ✅ SUCCESS: clock-tick | clock tick processed
[01:14 IST] ❌ NOTIFY_FAILED: clock-tick | TimeoutExpired: Command '['openclaw', 'message', 'send', '--channel', 'telegram', '--to', '-1003951451198', '--message', '[01:14 IST] ✅ SUCCESS: clock-tick | clock tick processed']' timed out after 10 seconds
[01:15 IST] ✅ SUCCESS: clock-tick | clock tick processed
[01:15 IST] ❌ NOTIFY_FAILED: clock-tick | TimeoutExpired: Command '['openclaw', 'message', 'send', '--channel', 'telegram', '--to', '-1003951451198', '--message', '[01:15 IST] ✅ SUCCESS: clock-tick | clock tick processed']' timed out after 10 seconds
[01:16 IST] ✅ SUCCESS: clock-tick | clock tick processed
[01:16 IST] ❌ NOTIFY_FAILED: clock-tick | TimeoutExpired: Command '['openclaw', 'message', 'send', '--channel', 'telegram', '--to', '-1003951451198', '--message', '[01:16 IST] ✅ SUCCESS: clock-tick | clock tick processed']' timed out after 10 seconds
[01:17 IST] ✅ SUCCESS: clock-tick | clock tick processed
[01:17 IST] ❌ NOTIFY_FAILED: clock-tick | TimeoutExpired: Command '['openclaw', 'message', 'send', '--channel', 'telegram', '--to', '-1003951451198', '--message', '[01:17 IST] ✅ SUCCESS: clock-tick | clock tick processed']' timed out after 10 seconds
[01:18 IST] ✅ SUCCESS: clock-tick | clock tick processed
[01:18 IST] ❌ NOTIFY_FAILED: clock-tick | TimeoutExpired: Command '['openclaw', 'message', 'send', '--channel', 'telegram', '--to', '-1003951451198', '--message', '[01:18 IST] ✅ SUCCESS: clock-tick | clock tick processed']' timed out after 10 seconds
[01:20 IST] ✅ SUCCESS: clock-tick | clock tick processed
[01:20 IST] ❌ NOTIFY_FAILED: clock-tick | TimeoutExpired: Command '['openclaw', 'message', 'send', '--channel', 'telegram', '--to', '-1003951451198', '--message', '[01:20 IST] ✅ SUCCESS: clock-tick | clock tick processed']' timed out after 10 seconds
[01:21 IST] ✅ SUCCESS: clock-tick | clock tick processed
[01:21 IST] ❌ NOTIFY_FAILED: clock-tick | TimeoutExpired: Command '['openclaw', 'message', 'send', '--channel', 'telegram', '--to', '-1003951451198', '--message', '[01:21 IST] ✅ SUCCESS: clock-tick | clock tick processed']' timed out after 10 seconds
[01:22 IST] ✅ SUCCESS: clock-tick | clock tick processed
[01:22 IST] ❌ NOTIFY_FAILED: clock-tick | TimeoutExpired: Command '['openclaw', 'message', 'send', '--channel', 'telegram', '--to', '-1003951451198', '--message', '[01:22 IST] ✅ SUCCESS: clock-tick | clock tick processed']' timed out after 10 seconds
[01:23 IST] ✅ SUCCESS: clock-tick | clock tick processed
[01:23 IST] ❌ NOTIFY_FAILED: clock-tick | TimeoutExpired: Command '['openclaw', 'message', 'send', '--channel', 'telegram', '--to', '-1003951451198', '--message', '[01:23 IST] ✅ SUCCESS: clock-tick | clock tick processed']' timed out after 10 seconds
[01:24 IST] ✅ SUCCESS: clock-tick | clock tick processed
[01:24 IST] ❌ NOTIFY_FAILED: clock-tick | TimeoutExpired: Command '['openclaw', 'message', 'send', '--channel', 'telegram', '--to', '-1003951451198', '--message', '[01:24 IST] ✅ SUCCESS: clock-tick | clock tick processed']' timed out after 10 seconds
[01:25 IST] ✅ SUCCESS: clock-tick | clock tick processed
[01:25 IST] ❌ NOTIFY_FAILED: clock-tick | TimeoutExpired: Command '['openclaw', 'message', 'send', '--channel', 'telegram', '--to', '-1003951451198', '--message', '[01:25 IST] ✅ SUCCESS: clock-tick | clock tick processed']' timed out after 10 seconds
[01:27 IST] ✅ SUCCESS: clock-tick | clock tick processed
[01:27 IST] ❌ NOTIFY_FAILED: clock-tick | TimeoutExpired: Command '['openclaw', 'message', 'send', '--channel', 'telegram', '--to', '-1003951451198', '--message', '[01:27 IST] ✅ SUCCESS: clock-tick | clock tick processed']' timed out after 10 seconds
[01:28 IST] ✅ SUCCESS: clock-tick | clock tick processed
[01:28 IST] ❌ NOTIFY_FAILED: clock-tick | TimeoutExpired: Command '['openclaw', 'message', 'send', '--channel', 'telegram', '--to', '-1003951451198', '--message', '[01:28 IST] ✅ SUCCESS: clock-tick | clock tick processed']' timed out after 10 seconds
[01:29 IST] ✅ SUCCESS: clock-tick | clock tick processed
[01:29 IST] ❌ NOTIFY_FAILED: clock-tick | TimeoutExpired: Command '['openclaw', 'message', 'send', '--channel', 'telegram', '--to', '-1003951451198', '--message', '[01:29 IST] ✅ SUCCESS: clock-tick | clock tick processed']' timed out after 10 seconds
[01:30 IST] ✅ SUCCESS: clock-tick | clock tick processed
[01:30 IST] ❌ NOTIFY_FAILED: clock-tick | TimeoutExpired: Command '['openclaw', 'message', 'send', '--channel', 'telegram', '--to', '-1003951451198', '--message', '[01:30 IST] ✅ SUCCESS: clock-tick | clock tick processed']' timed out after 10 seconds
[01:31 IST] ✅ SUCCESS: clock-tick | clock tick processed
[01:31 IST] ❌ NOTIFY_FAILED: clock-tick | TimeoutExpired: Command '['openclaw', 'message', 'send', '--channel', 'telegram', '--to', '-1003951451198', '--message', '[01:31 IST] ✅ SUCCESS: clock-tick | clock tick processed']' timed out after 10 seconds
[01:33 IST] ✅ SUCCESS: clock-tick | clock tick processed
[01:33 IST] ❌ NOTIFY_FAILED: clock-tick | TimeoutExpired: Command '['openclaw', 'message', 'send', '--channel', 'telegram', '--to', '-1003951451198', '--message', '[01:33 IST] ✅ SUCCESS: clock-tick | clock tick processed']' timed out after 10 seconds
[01:34 IST] ✅ SUCCESS: clock-tick | clock tick processed
[01:34 IST] ❌ NOTIFY_FAILED: clock-tick | TimeoutExpired: Command '['openclaw', 'message', 'send', '--channel', 'telegram', '--to', '-1003951451198', '--message', '[01:34 IST] ✅ SUCCESS: clock-tick | clock tick processed']' timed out after 10 seconds
[01:35 IST] ✅ SUCCESS: clock-tick | clock tick processed
[01:35 IST] ❌ NOTIFY_FAILED: clock-tick | TimeoutExpired: Command '['openclaw', 'message', 'send', '--channel', 'telegram', '--to', '-1003951451198', '--message', '[01:35 IST] ✅ SUCCESS: clock-tick | clock tick processed']' timed out after 10 seconds
[01:36 IST] ✅ SUCCESS: clock-tick | clock tick processed
[01:36 IST] ❌ NOTIFY_FAILED: clock-tick | TimeoutExpired: Command '['openclaw', 'message', 'send', '--channel', 'telegram', '--to', '-1003951451198', '--message', '[01:36 IST] ✅ SUCCESS: clock-tick | clock tick processed']' timed out after 10 seconds
[01:37 IST] ✅ SUCCESS: clock-tick | clock tick processed
[01:37 IST] ❌ NOTIFY_FAILED: clock-tick | TimeoutExpired: Command '['openclaw', 'message', 'send', '--channel', 'telegram', '--to', '-1003951451198', '--message', '[01:37 IST] ✅ SUCCESS: clock-tick | clock tick processed']' timed out after 10 seconds
[01:38 IST] ✅ SUCCESS: clock-tick | clock tick processed
[01:38 IST] ❌ NOTIFY_FAILED: clock-tick | TimeoutExpired: Command '['openclaw', 'message', 'send', '--channel', 'telegram', '--to', '-1003951451198', '--message', '[01:38 IST] ✅ SUCCESS: clock-tick | clock tick processed']' timed out after 10 seconds
[01:40 IST] ✅ SUCCESS: clock-tick | clock tick processed
[01:40 IST] ❌ NOTIFY_FAILED: clock-tick | TimeoutExpired: Command '['openclaw', 'message', 'send', '--channel', 'telegram', '--to', '-1003951451198', '--message', '[01:40 IST] ✅ SUCCESS: clock-tick | clock tick processed']' timed out after 10 seconds
[01:41 IST] ✅ SUCCESS: clock-tick | clock tick processed
[01:41 IST] ❌ NOTIFY_FAILED: clock-tick | TimeoutExpired: Command '['openclaw', 'message', 'send', '--channel', 'telegram', '--to', '-1003951451198', '--message', '[01:41 IST] ✅ SUCCESS: clock-tick | clock tick processed']' timed out after 10 seconds
[01:42 IST] ✅ SUCCESS: clock-tick | clock tick processed
[01:42 IST] ❌ NOTIFY_FAILED: clock-tick | TimeoutExpired: Command '['openclaw', 'message', 'send', '--channel', 'telegram', '--to', '-1003951451198', '--message', '[01:42 IST] ✅ SUCCESS: clock-tick | clock tick processed']' timed out after 10 seconds
[01:43 IST] ✅ SUCCESS: clock-tick | clock tick processed
[01:43 IST] ❌ NOTIFY_FAILED: clock-tick | TimeoutExpired: Command '['openclaw', 'message', 'send', '--channel', 'telegram', '--to', '-1003951451198', '--message', '[01:43 IST] ✅ SUCCESS: clock-tick | clock tick processed']' timed out after 10 seconds
[01:44 IST] ✅ SUCCESS: clock-tick | clock tick processed
[01:44 IST] ❌ NOTIFY_FAILED: clock-tick | TimeoutExpired: Command '['openclaw', 'message', 'send', '--channel', 'telegram', '--to', '-1003951451198', '--message', '[01:44 IST] ✅ SUCCESS: clock-tick | clock tick processed']' timed out after 10 seconds
[01:45 IST] ✅ SUCCESS: clock-tick | clock tick processed
[01:45 IST] ❌ NOTIFY_FAILED: clock-tick | TimeoutExpired: Command '['openclaw', 'message', 'send', '--channel', 'telegram', '--to', '-1003951451198', '--message', '[01:45 IST] ✅ SUCCESS: clock-tick | clock tick processed']' timed out after 10 seconds
[01:47 IST] ✅ SUCCESS: clock-tick | clock tick processed
[01:47 IST] ❌ NOTIFY_FAILED: clock-tick | TimeoutExpired: Command '['openclaw', 'message', 'send', '--channel', 'telegram', '--to', '-1003951451198', '--message', '[01:47 IST] ✅ SUCCESS: clock-tick | clock tick processed']' timed out after 10 seconds
[01:48 IST] ✅ SUCCESS: clock-tick | clock tick processed
[01:48 IST] ❌ NOTIFY_FAILED: clock-tick | TimeoutExpired: Command '['openclaw', 'message', 'send', '--channel', 'telegram', '--to', '-1003951451198', '--message', '[01:48 IST] ✅ SUCCESS: clock-tick | clock tick processed']' timed out after 10 seconds
[01:49 IST] ✅ SUCCESS: clock-tick | clock tick processed
[01:49 IST] ❌ NOTIFY_FAILED: clock-tick | TimeoutExpired: Command '['openclaw', 'message', 'send', '--channel', 'telegram', '--to', '-1003951451198', '--message', '[01:49 IST] ✅ SUCCESS: clock-tick | clock tick processed']' timed out after 10 seconds
[01:50 IST] ✅ SUCCESS: clock-tick | clock tick processed
[01:50 IST] ❌ NOTIFY_FAILED: clock-tick | TimeoutExpired: Command '['openclaw', 'message', 'send', '--channel', 'telegram', '--to', '-1003951451198', '--message', '[01:50 IST] ✅ SUCCESS: clock-tick | clock tick processed']' timed out after 10 seconds
[01:51 IST] ✅ SUCCESS: clock-tick | clock tick processed
[01:51 IST] ❌ NOTIFY_FAILED: clock-tick | TimeoutExpired: Command '['openclaw', 'message', 'send', '--channel', 'telegram', '--to', '-1003951451198', '--message', '[01:51 IST] ✅ SUCCESS: clock-tick | clock tick processed']' timed out after 10 seconds
[01:52 IST] ✅ SUCCESS: clock-tick | clock tick processed
[01:52 IST] ❌ NOTIFY_FAILED: clock-tick | TimeoutExpired: Command '['openclaw', 'message', 'send', '--channel', 'telegram', '--to', '-1003951451198', '--message', '[01:52 IST] ✅ SUCCESS: clock-tick | clock tick processed']' timed out after 10 seconds
[01:54 IST] ✅ SUCCESS: clock-tick | clock tick processed
[01:54 IST] ❌ NOTIFY_FAILED: clock-tick | TimeoutExpired: Command '['openclaw', 'message', 'send', '--channel', 'telegram', '--to', '-1003951451198', '--message', '[01:54 IST] ✅ SUCCESS: clock-tick | clock tick processed']' timed out after 10 seconds
[01:55 IST] ✅ SUCCESS: clock-tick | clock tick processed
[01:55 IST] ❌ NOTIFY_FAILED: clock-tick | TimeoutExpired: Command '['openclaw', 'message', 'send', '--channel', 'telegram', '--to', '-1003951451198', '--message', '[01:55 IST] ✅ SUCCESS: clock-tick | clock tick processed']' timed out after 10 seconds
[01:56 IST] ✅ SUCCESS: clock-tick | clock tick processed
[01:56 IST] ❌ NOTIFY_FAILED: clock-tick | TimeoutExpired: Command '['openclaw', 'message', 'send', '--channel', 'telegram', '--to', '-1003951451198', '--message', '[01:56 IST] ✅ SUCCESS: clock-tick | clock tick processed']' timed out after 10 seconds
[01:57 IST] ✅ SUCCESS: clock-tick | clock tick processed
[01:57 IST] ❌ NOTIFY_FAILED: clock-tick | TimeoutExpired: Command '['openclaw', 'message', 'send', '--channel', 'telegram', '--to', '-1003951451198', '--message', '[01:57 IST] ✅ SUCCESS: clock-tick | clock tick processed']' timed out after 10 seconds
[01:58 IST] ✅ SUCCESS: clock-tick | clock tick processed
[01:58 IST] ❌ NOTIFY_FAILED: clock-tick | TimeoutExpired: Command '['openclaw', 'message', 'send', '--channel', 'telegram', '--to', '-1003951451198', '--message', '[01:58 IST] ✅ SUCCESS: clock-tick | clock tick processed']' timed out after 10 seconds
[01:59 IST] ✅ SUCCESS: clock-tick | clock tick processed
[01:59 IST] ❌ NOTIFY_FAILED: clock-tick | TimeoutExpired: Command '['openclaw', 'message', 'send', '--channel', 'telegram', '--to', '-1003951451198', '--message', '[01:59 IST] ✅ SUCCESS: clock-tick | clock tick processed']' timed out after 10 seconds
[02:01 IST] ✅ SUCCESS: clock-tick | clock tick processed
[02:01 IST] ❌ NOTIFY_FAILED: clock-tick | TimeoutExpired: Command '['openclaw', 'message', 'send', '--channel', 'telegram', '--to', '-1003951451198', '--message', '[02:01 IST] ✅ SUCCESS: clock-tick | clock tick processed']' timed out after 10 seconds
[02:01 IST] ✅ SUCCESS: git-auto-commit | git backup completed
[02:01 IST] ❌ NOTIFY_FAILED: git-auto-commit | TimeoutExpired: Command '['openclaw', 'message', 'send', '--channel', 'telegram', '--to', '-1003951451198', '--message', '[02:01 IST] ✅ SUCCESS: git-auto-commit | git backup completed']' timed out after 10 seconds
[02:02 IST] ✅ SUCCESS: clock-tick | clock tick processed
[02:02 IST] ❌ NOTIFY_FAILED: clock-tick | TimeoutExpired: Command '['openclaw', 'message', 'send', '--channel', 'telegram', '--to', '-1003951451198', '--message', '[02:02 IST] ✅ SUCCESS: clock-tick | clock tick processed']' timed out after 10 seconds
[02:03 IST] ✅ SUCCESS: clock-tick | clock tick processed
[02:03 IST] ❌ NOTIFY_FAILED: clock-tick | TimeoutExpired: Command '['openclaw', 'message', 'send', '--channel', 'telegram', '--to', '-1003951451198', '--message', '[02:03 IST] ✅ SUCCESS: clock-tick | clock tick processed']' timed out after 10 seconds
[02:04 IST] ✅ SUCCESS: clock-tick | clock tick processed
[02:04 IST] ❌ NOTIFY_FAILED: clock-tick | TimeoutExpired: Command '['openclaw', 'message', 'send', '--channel', 'telegram', '--to', '-1003951451198', '--message', '[02:04 IST] ✅ SUCCESS: clock-tick | clock tick processed']' timed out after 10 seconds
[02:05 IST] ✅ SUCCESS: clock-tick | clock tick processed
[02:05 IST] ❌ NOTIFY_FAILED: clock-tick | TimeoutExpired: Command '['openclaw', 'message', 'send', '--channel', 'telegram', '--to', '-1003951451198', '--message', '[02:05 IST] ✅ SUCCESS: clock-tick | clock tick processed']' timed out after 10 seconds
[02:07 IST] ✅ SUCCESS: clock-tick | clock tick processed
[02:07 IST] ❌ NOTIFY_FAILED: clock-tick | TimeoutExpired: Command '['openclaw', 'message', 'send', '--channel', 'telegram', '--to', '-1003951451198', '--message', '[02:07 IST] ✅ SUCCESS: clock-tick | clock tick processed']' timed out after 10 seconds
[02:08 IST] ✅ SUCCESS: clock-tick | clock tick processed
[02:08 IST] ❌ NOTIFY_FAILED: clock-tick | TimeoutExpired: Command '['openclaw', 'message', 'send', '--channel', 'telegram', '--to', '-1003951451198', '--message', '[02:08 IST] ✅ SUCCESS: clock-tick | clock tick processed']' timed out after 10 seconds
[02:09 IST] ✅ SUCCESS: clock-tick | clock tick processed
[02:09 IST] ❌ NOTIFY_FAILED: clock-tick | TimeoutExpired: Command '['openclaw', 'message', 'send', '--channel', 'telegram', '--to', '-1003951451198', '--message', '[02:09 IST] ✅ SUCCESS: clock-tick | clock tick processed']' timed out after 10 seconds
[02:10 IST] ✅ SUCCESS: clock-tick | clock tick processed
[02:10 IST] ❌ NOTIFY_FAILED: clock-tick | TimeoutExpired: Command '['openclaw', 'message', 'send', '--channel', 'telegram', '--to', '-1003951451198', '--message', '[02:10 IST] ✅ SUCCESS: clock-tick | clock tick processed']' timed out after 10 seconds
[02:11 IST] ✅ SUCCESS: clock-tick | clock tick processed
[02:11 IST] ❌ NOTIFY_FAILED: clock-tick | TimeoutExpired: Command '['openclaw', 'message', 'send', '--channel', 'telegram', '--to', '-1003951451198', '--message', '[02:11 IST] ✅ SUCCESS: clock-tick | clock tick processed']' timed out after 10 seconds
[02:12 IST] ✅ SUCCESS: clock-tick | clock tick processed
[02:12 IST] ❌ NOTIFY_FAILED: clock-tick | TimeoutExpired: Command '['openclaw', 'message', 'send', '--channel', 'telegram', '--to', '-1003951451198', '--message', '[02:12 IST] ✅ SUCCESS: clock-tick | clock tick processed']' timed out after 10 seconds
[02:14 IST] ✅ SUCCESS: clock-tick | clock tick processed
[02:14 IST] ❌ NOTIFY_FAILED: clock-tick | TimeoutExpired: Command '['openclaw', 'message', 'send', '--channel', 'telegram', '--to', '-1003951451198', '--message', '[02:14 IST] ✅ SUCCESS: clock-tick | clock tick processed']' timed out after 10 seconds
[02:15 IST] ✅ SUCCESS: clock-tick | clock tick processed
[02:15 IST] ❌ NOTIFY_FAILED: clock-tick | TimeoutExpired: Command '['openclaw', 'message', 'send', '--channel', 'telegram', '--to', '-1003951451198', '--message', '[02:15 IST] ✅ SUCCESS: clock-tick | clock tick processed']' timed out after 10 seconds
[02:16 IST] ✅ SUCCESS: clock-tick | clock tick processed
[02:16 IST] ❌ NOTIFY_FAILED: clock-tick | TimeoutExpired: Command '['openclaw', 'message', 'send', '--channel', 'telegram', '--to', '-1003951451198', '--message', '[02:16 IST] ✅ SUCCESS: clock-tick | clock tick processed']' timed out after 10 seconds
[02:17 IST] ✅ SUCCESS: clock-tick | clock tick processed
[02:17 IST] ❌ NOTIFY_FAILED: clock-tick | TimeoutExpired: Command '['openclaw', 'message', 'send', '--channel', 'telegram', '--to', '-1003951451198', '--message', '[02:17 IST] ✅ SUCCESS: clock-tick | clock tick processed']' timed out after 10 seconds
[02:18 IST] ✅ SUCCESS: clock-tick | clock tick processed
[02:18 IST] ❌ NOTIFY_FAILED: clock-tick | TimeoutExpired: Command '['openclaw', 'message', 'send', '--channel', 'telegram', '--to', '-1003951451198', '--message', '[02:18 IST] ✅ SUCCESS: clock-tick | clock tick processed']' timed out after 10 seconds
[02:19 IST] ✅ SUCCESS: clock-tick | clock tick processed
[02:19 IST] ❌ NOTIFY_FAILED: clock-tick | TimeoutExpired: Command '['openclaw', 'message', 'send', '--channel', 'telegram', '--to', '-1003951451198', '--message', '[02:19 IST] ✅ SUCCESS: clock-tick | clock tick processed']' timed out after 10 seconds
[02:21 IST] ✅ SUCCESS: clock-tick | clock tick processed
[02:21 IST] ❌ NOTIFY_FAILED: clock-tick | TimeoutExpired: Command '['openclaw', 'message', 'send', '--channel', 'telegram', '--to', '-1003951451198', '--message', '[02:21 IST] ✅ SUCCESS: clock-tick | clock tick processed']' timed out after 10 seconds
[02:22 IST] ✅ SUCCESS: clock-tick | clock tick processed
[02:22 IST] ❌ NOTIFY_FAILED: clock-tick | TimeoutExpired: Command '['openclaw', 'message', 'send', '--channel', 'telegram', '--to', '-1003951451198', '--message', '[02:22 IST] ✅ SUCCESS: clock-tick | clock tick processed']' timed out after 10 seconds
[02:23 IST] ✅ SUCCESS: clock-tick | clock tick processed
[02:23 IST] ❌ NOTIFY_FAILED: clock-tick | TimeoutExpired: Command '['openclaw', 'message', 'send', '--channel', 'telegram', '--to', '-1003951451198', '--message', '[02:23 IST] ✅ SUCCESS: clock-tick | clock tick processed']' timed out after 10 seconds
[02:24 IST] ✅ SUCCESS: clock-tick | clock tick processed
[02:24 IST] ❌ NOTIFY_FAILED: clock-tick | TimeoutExpired: Command '['openclaw', 'message', 'send', '--channel', 'telegram', '--to', '-1003951451198', '--message', '[02:24 IST] ✅ SUCCESS: clock-tick | clock tick processed']' timed out after 10 seconds
[02:25 IST] ✅ SUCCESS: clock-tick | clock tick processed
[02:25 IST] ❌ NOTIFY_FAILED: clock-tick | TimeoutExpired: Command '['openclaw', 'message', 'send', '--channel', 'telegram', '--to', '-1003951451198', '--message', '[02:25 IST] ✅ SUCCESS: clock-tick | clock tick processed']' timed out after 10 seconds
[02:26 IST] ✅ SUCCESS: clock-tick | clock tick processed
[02:26 IST] ❌ NOTIFY_FAILED: clock-tick | TimeoutExpired: Command '['openclaw', 'message', 'send', '--channel', 'telegram', '--to', '-1003951451198', '--message', '[02:26 IST] ✅ SUCCESS: clock-tick | clock tick processed']' timed out after 10 seconds
[02:28 IST] ✅ SUCCESS: clock-tick | clock tick processed
[02:28 IST] ❌ NOTIFY_FAILED: clock-tick | TimeoutExpired: Command '['openclaw', 'message', 'send', '--channel', 'telegram', '--to', '-1003951451198', '--message', '[02:28 IST] ✅ SUCCESS: clock-tick | clock tick processed']' timed out after 10 seconds
[02:29 IST] ✅ SUCCESS: clock-tick | clock tick processed
[02:29 IST] ❌ NOTIFY_FAILED: clock-tick | TimeoutExpired: Command '['openclaw', 'message', 'send', '--channel', 'telegram', '--to', '-1003951451198', '--message', '[02:29 IST] ✅ SUCCESS: clock-tick | clock tick processed']' timed out after 10 seconds
[02:30 IST] ✅ SUCCESS: clock-tick | clock tick processed
[02:30 IST] ❌ NOTIFY_FAILED: clock-tick | TimeoutExpired: Command '['openclaw', 'message', 'send', '--channel', 'telegram', '--to', '-1003951451198', '--message', '[02:30 IST] ✅ SUCCESS: clock-tick | clock tick processed']' timed out after 10 seconds
[02:31 IST] ✅ SUCCESS: clock-tick | clock tick processed
[02:31 IST] ❌ NOTIFY_FAILED: clock-tick | TimeoutExpired: Command '['openclaw', 'message', 'send', '--channel', 'telegram', '--to', '-1003951451198', '--message', '[02:31 IST] ✅ SUCCESS: clock-tick | clock tick processed']' timed out after 10 seconds
